#
# There is insufficient memory for the Java Runtime Environment to continue.
# Native memory allocation (mmap) failed to map 58720256 bytes for Failed to commit area from 0x000000008b200000 to 0x000000008ea00000 of length 58720256.
# Possible reasons:
#   The system is out of physical RAM or swap space
#   The process is running with CompressedOops enabled, and the Java Heap may be blocking the growth of the native heap
# Possible solutions:
#   Reduce memory load on the system
#   Increase physical memory or swap space
#   Check if swap backing store is full
#   Decrease Java heap size (-Xmx/-Xms)
#   Decrease number of Java threads
#   Decrease Java thread stack sizes (-Xss)
#   Set larger code cache with -XX:ReservedCodeCacheSize=
#   JVM is running with Unscaled Compressed Oops mode in which the Java heap is
#     placed in the first 4GB address space. The Java Heap base address is the
#     maximum limit for the native heap growth. Please use -XX:HeapBaseMinAddress
#     to set the Java Heap base and to place the Java Heap above 4GB virtual address.
# This output file may be truncated or incomplete.
#
#  Out of Memory Error (./src/hotspot/os/windows/os_windows.cpp:3521), pid=2588, tid=6772
#
# JRE version: OpenJDK Runtime Environment (11.0.12+7) (build 11.0.12+7-b1504.28-7817840)
# Java VM: OpenJDK 64-Bit Server VM (11.0.12+7-b1504.28-7817840, mixed mode, tiered, compressed oops, g1 gc, windows-amd64)
# No core dump will be written. Minidumps are not enabled by default on client versions of Windows
#

---------------  S U M M A R Y ------------

Command Line: org.jetbrains.kotlin.cli.jvm.K2JVMCompiler @E:\University\Programming\Android\MyProjects\RainbowSmile\app\build\20221025_6987336241763617977.compiler.options

Host: Intel(R) Core(TM) i5-6300HQ CPU @ 2.30GHz, 4 cores, 7G,  Windows 10 , 64 bit Build 17763 (10.0.17763.3287)
Time: Tue Oct 25 22:12:02 2022 RTZ 2 (ceia) elapsed time: 8.280690 seconds (0d 0h 0m 8s)

---------------  T H R E A D  ---------------

Current thread (0x000002996936a000):  VMThread "VM Thread" [stack: 0x000000d238b00000,0x000000d238c00000] [id=6772]

Stack: [0x000000d238b00000,0x000000d238c00000]
[error occurred during error reporting (printing stack bounds), id 0xc0000005, EXCEPTION_ACCESS_VIOLATION (0xc0000005) at pc=0x0000029952b9112d]

Native frames: (J=compiled Java code, j=interpreted, Vv=VM code, C=native code)
V  [jvm.dll+0x5fbcea]
V  [jvm.dll+0x731905]
V  [jvm.dll+0x732f1d]
V  [jvm.dll+0x733535]
V  [jvm.dll+0x7334eb]
V  [jvm.dll+0x5fb080]
V  [jvm.dll+0x5fb818]
C  [ntdll.dll+0xa582f]
C  [ntdll.dll+0x4cef]
C  [ntdll.dll+0xa459e]
C  0x0000029952b9112d

VM_Operation (0x000000d2385fd3c0): G1CollectForAllocation, mode: safepoint, requested by thread 0x000002994d89c800


---------------  P R O C E S S  ---------------

Threads class SMR info:
_java_thread_list=0x0000029969e70520, length=11, elements={
0x000002994d89c800, 0x0000029969391000, 0x000002996939a800, 0x0000029969d02800,
0x0000029969d03800, 0x0000029969d04800, 0x0000029969d07800, 0x0000029969d0a000,
0x0000029969d0c000, 0x0000029969e7c000, 0x0000029969e74800
}

Java Threads: ( => current thread )
  0x000002994d89c800 JavaThread "main" [_thread_blocked, id=9224, stack(0x000000d238500000,0x000000d238600000)]
  0x0000029969391000 JavaThread "Reference Handler" daemon [_thread_blocked, id=2776, stack(0x000000d238c00000,0x000000d238d00000)]
  0x000002996939a800 JavaThread "Finalizer" daemon [_thread_blocked, id=4524, stack(0x000000d238d00000,0x000000d238e00000)]
  0x0000029969d02800 JavaThread "Signal Dispatcher" daemon [_thread_blocked, id=5564, stack(0x000000d238e00000,0x000000d238f00000)]
  0x0000029969d03800 JavaThread "Attach Listener" daemon [_thread_blocked, id=5324, stack(0x000000d238f00000,0x000000d239000000)]
  0x0000029969d04800 JavaThread "Service Thread" daemon [_thread_blocked, id=4508, stack(0x000000d239000000,0x000000d239100000)]
  0x0000029969d07800 JavaThread "C2 CompilerThread0" daemon [_thread_in_native, id=6932, stack(0x000000d239100000,0x000000d239200000)]
  0x0000029969d0a000 JavaThread "C1 CompilerThread0" daemon [_thread_blocked, id=8900, stack(0x000000d239200000,0x000000d239300000)]
  0x0000029969d0c000 JavaThread "Sweeper thread" daemon [_thread_blocked, id=248, stack(0x000000d239300000,0x000000d239400000)]
  0x0000029969e7c000 JavaThread "Common-Cleaner" daemon [_thread_blocked, id=5096, stack(0x000000d239500000,0x000000d239600000)]
  0x0000029969e74800 JavaThread "C2 CompilerThread1" daemon [_thread_blocked, id=9044, stack(0x000000d239600000,0x000000d239700000)]

Other Threads:
=>0x000002996936a000 VMThread "VM Thread" [stack: 0x000000d238b00000,0x000000d238c00000] [id=6772]
  0x0000029969e73800 WatcherThread [stack: 0x000000d239400000,0x000000d239500000] [id=4948]
  0x000002994d8b5800 GCTaskThread "GC Thread#0" [stack: 0x000000d238600000,0x000000d238700000] [id=3836]
  0x000002996a3ab000 GCTaskThread "GC Thread#1" [stack: 0x000000d239700000,0x000000d239800000] [id=4788]
  0x000002996a310800 GCTaskThread "GC Thread#2" [stack: 0x000000d239800000,0x000000d239900000] [id=10172]
  0x000002994d8e8000 ConcurrentGCThread "G1 Main Marker" [stack: 0x000000d238700000,0x000000d238800000] [id=7032]
  0x000002994d8e9000 ConcurrentGCThread "G1 Conc#0" [stack: 0x000000d238800000,0x000000d238900000] [id=9068]
  0x00000299691d0800 ConcurrentGCThread "G1 Refine#0" [stack: 0x000000d238900000,0x000000d238a00000] [id=8584]
  0x000002996f1eb800 ConcurrentGCThread "G1 Refine#1" [stack: 0x000000d239900000,0x000000d239a00000] [id=2940]
  0x00000299691d1800 ConcurrentGCThread "G1 Young RemSet Sampling" [stack: 0x000000d238a00000,0x000000d238b00000] [id=4152]

Threads with active compile tasks:
C2 CompilerThread0   8295 9358   !   4       org.jetbrains.kotlin.ir.util.SymbolTable::referenceClass (217 bytes)
C1 CompilerThread0   8295 9459       3       org.jetbrains.kotlin.types.AbstractTypeMapper::mapClassType (177 bytes)
C2 CompilerThread1   8295 9419       4       org.jetbrains.kotlin.ir.util.SymbolTable::enterScope (65 bytes)

VM state:at safepoint (normal execution)

VM Mutex/Monitor currently owned by a thread:  ([mutex/lock_event])
[0x000002994d899670] Threads_lock - owner thread: 0x000002996936a000
[0x000002994d89abd0] Heap_lock - owner thread: 0x000002994d89c800

Heap address: 0x0000000081600000, size: 2026 MB, Compressed Oops mode: 32-bit
Narrow klass base: 0x0000000000000000, Narrow klass shift: 3
Compressed class space size: 1073741824 Address: 0x0000000100000000

Heap:
 garbage-first heap   total 217088K, used 62976K [0x0000000081600000, 0x0000000100000000)
  region size 1024K, 8 young (8192K), 8 survivors (8192K)
 Metaspace       used 77253K, capacity 78140K, committed 78364K, reserved 1118208K
  class space    used 8796K, capacity 9175K, committed 9244K, reserved 1048576K
Heap Regions: E=young(eden), S=young(survivor), O=old, HS=humongous(starts), HC=humongous(continues), CS=collection set, F=free, A=archive, TAMS=top-at-mark-start (previous, next)
|   0|0x0000000081600000, 0x0000000081700000, 0x0000000081700000|100%|HS|  |TAMS 0x0000000081700000, 0x0000000081600000| Complete 
|   1|0x0000000081700000, 0x0000000081800000, 0x0000000081800000|100%|HC|  |TAMS 0x0000000081800000, 0x0000000081700000| Complete 
|   2|0x0000000081800000, 0x0000000081900000, 0x0000000081900000|100%|HC|  |TAMS 0x0000000081900000, 0x0000000081800000| Complete 
|   3|0x0000000081900000, 0x0000000081a00000, 0x0000000081a00000|100%| O|  |TAMS 0x0000000081a00000, 0x0000000081900000| Untracked 
|   4|0x0000000081a00000, 0x0000000081b00000, 0x0000000081b00000|100%| O|  |TAMS 0x0000000081b00000, 0x0000000081a00000| Untracked 
|   5|0x0000000081b00000, 0x0000000081c00000, 0x0000000081c00000|100%|HS|  |TAMS 0x0000000081c00000, 0x0000000081b00000| Complete 
|   6|0x0000000081c00000, 0x0000000081d00000, 0x0000000081d00000|100%|HC|  |TAMS 0x0000000081d00000, 0x0000000081c00000| Complete 
|   7|0x0000000081d00000, 0x0000000081e00000, 0x0000000081e00000|100%|HC|  |TAMS 0x0000000081e00000, 0x0000000081d00000| Complete 
|   8|0x0000000081e00000, 0x0000000081f00000, 0x0000000081f00000|100%| O|  |TAMS 0x0000000081f00000, 0x0000000081e00000| Untracked 
|   9|0x0000000081f00000, 0x0000000082000000, 0x0000000082000000|100%| O|  |TAMS 0x0000000082000000, 0x0000000081f00000| Untracked 
|  10|0x0000000082000000, 0x0000000082100000, 0x0000000082100000|100%| O|  |TAMS 0x0000000082100000, 0x0000000082000000| Untracked 
|  11|0x0000000082100000, 0x0000000082200000, 0x0000000082200000|100%| O|  |TAMS 0x0000000082200000, 0x0000000082100000| Untracked 
|  12|0x0000000082200000, 0x0000000082300000, 0x0000000082300000|100%| O|  |TAMS 0x0000000082300000, 0x0000000082200000| Untracked 
|  13|0x0000000082300000, 0x0000000082400000, 0x0000000082400000|100%| O|  |TAMS 0x0000000082400000, 0x0000000082300000| Untracked 
|  14|0x0000000082400000, 0x0000000082500000, 0x0000000082500000|100%| O|  |TAMS 0x0000000082500000, 0x0000000082400000| Untracked 
|  15|0x0000000082500000, 0x0000000082600000, 0x0000000082600000|100%| O|  |TAMS 0x0000000082600000, 0x0000000082500000| Untracked 
|  16|0x0000000082600000, 0x0000000082700000, 0x0000000082700000|100%| O|  |TAMS 0x0000000082700000, 0x0000000082600000| Untracked 
|  17|0x0000000082700000, 0x0000000082800000, 0x0000000082800000|100%| O|  |TAMS 0x0000000082800000, 0x0000000082700000| Untracked 
|  18|0x0000000082800000, 0x0000000082900000, 0x0000000082900000|100%| O|  |TAMS 0x0000000082900000, 0x0000000082800000| Untracked 
|  19|0x0000000082900000, 0x0000000082a00000, 0x0000000082a00000|100%| O|  |TAMS 0x0000000082a00000, 0x0000000082900000| Untracked 
|  20|0x0000000082a00000, 0x0000000082b00000, 0x0000000082b00000|100%| O|  |TAMS 0x0000000082b00000, 0x0000000082a00000| Untracked 
|  21|0x0000000082b00000, 0x0000000082c00000, 0x0000000082c00000|100%| O|  |TAMS 0x0000000082c00000, 0x0000000082b00000| Untracked 
|  22|0x0000000082c00000, 0x0000000082d00000, 0x0000000082d00000|100%|HS|  |TAMS 0x0000000082d00000, 0x0000000082c00000| Complete 
|  23|0x0000000082d00000, 0x0000000082e00000, 0x0000000082e00000|100%|HC|  |TAMS 0x0000000082e00000, 0x0000000082d00000| Complete 
|  24|0x0000000082e00000, 0x0000000082f00000, 0x0000000082f00000|100%| O|  |TAMS 0x0000000082f00000, 0x0000000082e00000| Untracked 
|  25|0x0000000082f00000, 0x0000000083000000, 0x0000000083000000|100%| O|  |TAMS 0x0000000083000000, 0x0000000082f00000| Untracked 
|  26|0x0000000083000000, 0x0000000083100000, 0x0000000083100000|100%| O|  |TAMS 0x0000000083100000, 0x0000000083000000| Untracked 
|  27|0x0000000083100000, 0x0000000083200000, 0x0000000083200000|100%| O|  |TAMS 0x0000000083200000, 0x0000000083100000| Untracked 
|  28|0x0000000083200000, 0x0000000083300000, 0x0000000083300000|100%| O|  |TAMS 0x0000000083300000, 0x0000000083200000| Untracked 
|  29|0x0000000083300000, 0x0000000083400000, 0x0000000083400000|100%| O|  |TAMS 0x0000000083400000, 0x0000000083300000| Untracked 
|  30|0x0000000083400000, 0x0000000083500000, 0x0000000083500000|100%| O|  |TAMS 0x0000000083500000, 0x0000000083400000| Untracked 
|  31|0x0000000083500000, 0x0000000083600000, 0x0000000083600000|100%| O|  |TAMS 0x0000000083600000, 0x0000000083500000| Untracked 
|  32|0x0000000083600000, 0x0000000083700000, 0x0000000083700000|100%| O|  |TAMS 0x0000000083700000, 0x0000000083600000| Untracked 
|  33|0x0000000083700000, 0x0000000083800000, 0x0000000083800000|100%| O|  |TAMS 0x0000000083800000, 0x0000000083700000| Untracked 
|  34|0x0000000083800000, 0x0000000083900000, 0x0000000083900000|100%| O|  |TAMS 0x0000000083900000, 0x0000000083800000| Untracked 
|  35|0x0000000083900000, 0x0000000083a00000, 0x0000000083a00000|100%| O|  |TAMS 0x0000000083a00000, 0x0000000083900000| Untracked 
|  36|0x0000000083a00000, 0x0000000083b00000, 0x0000000083b00000|100%| O|  |TAMS 0x0000000083b00000, 0x0000000083a00000| Untracked 
|  37|0x0000000083b00000, 0x0000000083c00000, 0x0000000083c00000|100%| O|  |TAMS 0x0000000083c00000, 0x0000000083b00000| Untracked 
|  38|0x0000000083c00000, 0x0000000083d00000, 0x0000000083d00000|100%| O|  |TAMS 0x0000000083d00000, 0x0000000083c00000| Untracked 
|  39|0x0000000083d00000, 0x0000000083e00000, 0x0000000083e00000|100%| O|  |TAMS 0x0000000083e00000, 0x0000000083d00000| Untracked 
|  40|0x0000000083e00000, 0x0000000083f00000, 0x0000000083f00000|100%| O|  |TAMS 0x0000000083f00000, 0x0000000083e00000| Untracked 
|  41|0x0000000083f00000, 0x0000000084000000, 0x0000000084000000|100%| O|  |TAMS 0x0000000084000000, 0x0000000083f00000| Untracked 
|  42|0x0000000084000000, 0x0000000084100000, 0x0000000084100000|100%| O|  |TAMS 0x0000000084100000, 0x0000000084000000| Untracked 
|  43|0x0000000084100000, 0x0000000084200000, 0x0000000084200000|100%| O|  |TAMS 0x0000000084200000, 0x0000000084100000| Untracked 
|  44|0x0000000084200000, 0x0000000084300000, 0x0000000084300000|100%| O|  |TAMS 0x0000000084300000, 0x0000000084200000| Untracked 
|  45|0x0000000084300000, 0x0000000084400000, 0x0000000084400000|100%| O|  |TAMS 0x0000000084300000, 0x0000000084300000| Untracked 
|  46|0x0000000084400000, 0x0000000084500000, 0x0000000084500000|100%| O|  |TAMS 0x0000000084400000, 0x0000000084400000| Untracked 
|  47|0x0000000084500000, 0x0000000084600000, 0x0000000084600000|100%| O|  |TAMS 0x0000000084500000, 0x0000000084500000| Untracked 
|  48|0x0000000084600000, 0x0000000084700000, 0x0000000084700000|100%| O|  |TAMS 0x0000000084600000, 0x0000000084600000| Untracked 
|  49|0x0000000084700000, 0x0000000084800000, 0x0000000084800000|100%| O|  |TAMS 0x0000000084700000, 0x0000000084700000| Untracked 
|  50|0x0000000084800000, 0x0000000084900000, 0x0000000084900000|100%| O|  |TAMS 0x0000000084800000, 0x0000000084800000| Untracked 
|  51|0x0000000084900000, 0x0000000084a00000, 0x0000000084a00000|100%| O|  |TAMS 0x0000000084900000, 0x0000000084900000| Untracked 
|  52|0x0000000084a00000, 0x0000000084b00000, 0x0000000084b00000|100%| O|  |TAMS 0x0000000084a00000, 0x0000000084a00000| Untracked 
|  53|0x0000000084b00000, 0x0000000084b80000, 0x0000000084c00000| 50%| O|  |TAMS 0x0000000084b00000, 0x0000000084b00000| Untracked 
|  54|0x0000000084c00000, 0x0000000084c00000, 0x0000000084d00000|  0%| F|  |TAMS 0x0000000084c00000, 0x0000000084c00000| Untracked 
|  55|0x0000000084d00000, 0x0000000084d00000, 0x0000000084e00000|  0%| F|  |TAMS 0x0000000084d00000, 0x0000000084d00000| Untracked 
|  56|0x0000000084e00000, 0x0000000084e00000, 0x0000000084f00000|  0%| F|  |TAMS 0x0000000084e00000, 0x0000000084e00000| Untracked 
|  57|0x0000000084f00000, 0x0000000084f00000, 0x0000000085000000|  0%| F|  |TAMS 0x0000000084f00000, 0x0000000084f00000| Untracked 
|  58|0x0000000085000000, 0x0000000085000000, 0x0000000085100000|  0%| F|  |TAMS 0x0000000085000000, 0x0000000085000000| Untracked 
|  59|0x0000000085100000, 0x0000000085100000, 0x0000000085200000|  0%| F|  |TAMS 0x0000000085100000, 0x0000000085100000| Untracked 
|  60|0x0000000085200000, 0x0000000085200000, 0x0000000085300000|  0%| F|  |TAMS 0x0000000085200000, 0x0000000085200000| Untracked 
|  61|0x0000000085300000, 0x0000000085300000, 0x0000000085400000|  0%| F|  |TAMS 0x0000000085300000, 0x0000000085300000| Untracked 
|  62|0x0000000085400000, 0x0000000085400000, 0x0000000085500000|  0%| F|  |TAMS 0x0000000085400000, 0x0000000085400000| Untracked 
|  63|0x0000000085500000, 0x0000000085500000, 0x0000000085600000|  0%| F|  |TAMS 0x0000000085500000, 0x0000000085500000| Untracked 
|  64|0x0000000085600000, 0x0000000085600000, 0x0000000085700000|  0%| F|  |TAMS 0x0000000085600000, 0x0000000085600000| Untracked 
|  65|0x0000000085700000, 0x0000000085700000, 0x0000000085800000|  0%| F|  |TAMS 0x0000000085700000, 0x0000000085700000| Untracked 
|  66|0x0000000085800000, 0x0000000085800000, 0x0000000085900000|  0%| F|  |TAMS 0x0000000085800000, 0x0000000085800000| Untracked 
|  67|0x0000000085900000, 0x0000000085900000, 0x0000000085a00000|  0%| F|  |TAMS 0x0000000085900000, 0x0000000085900000| Untracked 
|  68|0x0000000085a00000, 0x0000000085a00000, 0x0000000085b00000|  0%| F|  |TAMS 0x0000000085a00000, 0x0000000085a00000| Untracked 
|  69|0x0000000085b00000, 0x0000000085b00000, 0x0000000085c00000|  0%| F|  |TAMS 0x0000000085b00000, 0x0000000085b00000| Untracked 
|  70|0x0000000085c00000, 0x0000000085c00000, 0x0000000085d00000|  0%| F|  |TAMS 0x0000000085c00000, 0x0000000085c00000| Untracked 
|  71|0x0000000085d00000, 0x0000000085d00000, 0x0000000085e00000|  0%| F|  |TAMS 0x0000000085d00000, 0x0000000085d00000| Untracked 
|  72|0x0000000085e00000, 0x0000000085e00000, 0x0000000085f00000|  0%| F|  |TAMS 0x0000000085e00000, 0x0000000085e00000| Untracked 
|  73|0x0000000085f00000, 0x0000000085f00000, 0x0000000086000000|  0%| F|  |TAMS 0x0000000085f00000, 0x0000000085f00000| Untracked 
|  74|0x0000000086000000, 0x0000000086000000, 0x0000000086100000|  0%| F|  |TAMS 0x0000000086000000, 0x0000000086000000| Untracked 
|  75|0x0000000086100000, 0x0000000086100000, 0x0000000086200000|  0%| F|  |TAMS 0x0000000086100000, 0x0000000086100000| Untracked 
|  76|0x0000000086200000, 0x0000000086200000, 0x0000000086300000|  0%| F|  |TAMS 0x0000000086200000, 0x0000000086200000| Untracked 
|  77|0x0000000086300000, 0x0000000086300000, 0x0000000086400000|  0%| F|  |TAMS 0x0000000086300000, 0x0000000086300000| Untracked 
|  78|0x0000000086400000, 0x0000000086400000, 0x0000000086500000|  0%| F|  |TAMS 0x0000000086400000, 0x0000000086400000| Untracked 
|  79|0x0000000086500000, 0x0000000086500000, 0x0000000086600000|  0%| F|  |TAMS 0x0000000086500000, 0x0000000086500000| Untracked 
|  80|0x0000000086600000, 0x0000000086600000, 0x0000000086700000|  0%| F|  |TAMS 0x0000000086600000, 0x0000000086600000| Untracked 
|  81|0x0000000086700000, 0x0000000086700000, 0x0000000086800000|  0%| F|  |TAMS 0x0000000086700000, 0x0000000086700000| Untracked 
|  82|0x0000000086800000, 0x0000000086800000, 0x0000000086900000|  0%| F|  |TAMS 0x0000000086800000, 0x0000000086800000| Untracked 
|  83|0x0000000086900000, 0x0000000086900000, 0x0000000086a00000|  0%| F|  |TAMS 0x0000000086900000, 0x0000000086900000| Untracked 
|  84|0x0000000086a00000, 0x0000000086a00000, 0x0000000086b00000|  0%| F|  |TAMS 0x0000000086a00000, 0x0000000086a00000| Untracked 
|  85|0x0000000086b00000, 0x0000000086b00000, 0x0000000086c00000|  0%| F|  |TAMS 0x0000000086b00000, 0x0000000086b00000| Untracked 
|  86|0x0000000086c00000, 0x0000000086c00000, 0x0000000086d00000|  0%| F|  |TAMS 0x0000000086c00000, 0x0000000086c00000| Untracked 
|  87|0x0000000086d00000, 0x0000000086d00000, 0x0000000086e00000|  0%| F|  |TAMS 0x0000000086d00000, 0x0000000086d00000| Untracked 
|  88|0x0000000086e00000, 0x0000000086f00000, 0x0000000086f00000|100%| S|CS|TAMS 0x0000000086e00000, 0x0000000086e00000| Complete 
|  89|0x0000000086f00000, 0x0000000087000000, 0x0000000087000000|100%| S|CS|TAMS 0x0000000086f00000, 0x0000000086f00000| Complete 
|  90|0x0000000087000000, 0x0000000087100000, 0x0000000087100000|100%| S|CS|TAMS 0x0000000087000000, 0x0000000087000000| Complete 
|  91|0x0000000087100000, 0x0000000087200000, 0x0000000087200000|100%| S|CS|TAMS 0x0000000087100000, 0x0000000087100000| Complete 
|  92|0x0000000087200000, 0x0000000087300000, 0x0000000087300000|100%| S|CS|TAMS 0x0000000087200000, 0x0000000087200000| Complete 
|  93|0x0000000087300000, 0x0000000087400000, 0x0000000087400000|100%| S|CS|TAMS 0x0000000087300000, 0x0000000087300000| Complete 
|  94|0x0000000087400000, 0x0000000087500000, 0x0000000087500000|100%| S|CS|TAMS 0x0000000087400000, 0x0000000087400000| Complete 
|  95|0x0000000087500000, 0x0000000087600000, 0x0000000087600000|100%| S|CS|TAMS 0x0000000087500000, 0x0000000087500000| Complete 
|  96|0x0000000087600000, 0x0000000087600000, 0x0000000087700000|  0%| F|  |TAMS 0x0000000087600000, 0x0000000087600000| Untracked 
|  97|0x0000000087700000, 0x0000000087700000, 0x0000000087800000|  0%| F|  |TAMS 0x0000000087700000, 0x0000000087700000| Untracked 
|  98|0x0000000087800000, 0x0000000087800000, 0x0000000087900000|  0%| F|  |TAMS 0x0000000087800000, 0x0000000087800000| Untracked 
|  99|0x0000000087900000, 0x0000000087900000, 0x0000000087a00000|  0%| F|  |TAMS 0x0000000087900000, 0x0000000087900000| Untracked 
| 100|0x0000000087a00000, 0x0000000087a00000, 0x0000000087b00000|  0%| F|  |TAMS 0x0000000087a00000, 0x0000000087a00000| Untracked 
| 101|0x0000000087b00000, 0x0000000087b00000, 0x0000000087c00000|  0%| F|  |TAMS 0x0000000087b00000, 0x0000000087b00000| Untracked 
| 102|0x0000000087c00000, 0x0000000087c00000, 0x0000000087d00000|  0%| F|  |TAMS 0x0000000087c00000, 0x0000000087c00000| Untracked 
| 103|0x0000000087d00000, 0x0000000087d00000, 0x0000000087e00000|  0%| F|  |TAMS 0x0000000087d00000, 0x0000000087d00000| Untracked 
| 104|0x0000000087e00000, 0x0000000087e00000, 0x0000000087f00000|  0%| F|  |TAMS 0x0000000087e00000, 0x0000000087e00000| Untracked 
| 105|0x0000000087f00000, 0x0000000087f00000, 0x0000000088000000|  0%| F|  |TAMS 0x0000000087f00000, 0x0000000087f00000| Untracked 
| 106|0x0000000088000000, 0x0000000088000000, 0x0000000088100000|  0%| F|  |TAMS 0x0000000088000000, 0x0000000088000000| Untracked 
| 107|0x0000000088100000, 0x0000000088100000, 0x0000000088200000|  0%| F|  |TAMS 0x0000000088100000, 0x0000000088100000| Untracked 
| 108|0x0000000088200000, 0x0000000088200000, 0x0000000088300000|  0%| F|  |TAMS 0x0000000088200000, 0x0000000088200000| Untracked 
| 109|0x0000000088300000, 0x0000000088300000, 0x0000000088400000|  0%| F|  |TAMS 0x0000000088300000, 0x0000000088300000| Untracked 
| 110|0x0000000088400000, 0x0000000088400000, 0x0000000088500000|  0%| F|  |TAMS 0x0000000088400000, 0x0000000088400000| Untracked 
| 111|0x0000000088500000, 0x0000000088500000, 0x0000000088600000|  0%| F|  |TAMS 0x0000000088500000, 0x0000000088500000| Untracked 
| 112|0x0000000088600000, 0x0000000088600000, 0x0000000088700000|  0%| F|  |TAMS 0x0000000088600000, 0x0000000088600000| Untracked 
| 113|0x0000000088700000, 0x0000000088700000, 0x0000000088800000|  0%| F|  |TAMS 0x0000000088700000, 0x0000000088700000| Untracked 
| 114|0x0000000088800000, 0x0000000088800000, 0x0000000088900000|  0%| F|  |TAMS 0x0000000088800000, 0x0000000088800000| Untracked 
| 115|0x0000000088900000, 0x0000000088900000, 0x0000000088a00000|  0%| F|  |TAMS 0x0000000088900000, 0x0000000088900000| Untracked 
| 116|0x0000000088a00000, 0x0000000088a00000, 0x0000000088b00000|  0%| F|  |TAMS 0x0000000088a00000, 0x0000000088a00000| Untracked 
| 117|0x0000000088b00000, 0x0000000088b00000, 0x0000000088c00000|  0%| F|  |TAMS 0x0000000088b00000, 0x0000000088b00000| Untracked 
| 118|0x0000000088c00000, 0x0000000088c00000, 0x0000000088d00000|  0%| F|  |TAMS 0x0000000088c00000, 0x0000000088c00000| Untracked 
| 119|0x0000000088d00000, 0x0000000088d00000, 0x0000000088e00000|  0%| F|  |TAMS 0x0000000088d00000, 0x0000000088d00000| Untracked 
| 120|0x0000000088e00000, 0x0000000088e00000, 0x0000000088f00000|  0%| F|  |TAMS 0x0000000088e00000, 0x0000000088e00000| Untracked 
| 121|0x0000000088f00000, 0x0000000088f00000, 0x0000000089000000|  0%| F|  |TAMS 0x0000000088f00000, 0x0000000088f00000| Untracked 
| 122|0x0000000089000000, 0x0000000089000000, 0x0000000089100000|  0%| F|  |TAMS 0x0000000089000000, 0x0000000089000000| Untracked 
| 123|0x0000000089100000, 0x0000000089100000, 0x0000000089200000|  0%| F|  |TAMS 0x0000000089100000, 0x0000000089100000| Untracked 
| 124|0x0000000089200000, 0x0000000089200000, 0x0000000089300000|  0%| F|  |TAMS 0x0000000089200000, 0x0000000089200000| Untracked 
| 125|0x0000000089300000, 0x0000000089300000, 0x0000000089400000|  0%| F|  |TAMS 0x0000000089300000, 0x0000000089300000| Untracked 
| 126|0x0000000089400000, 0x0000000089400000, 0x0000000089500000|  0%| F|  |TAMS 0x0000000089400000, 0x0000000089400000| Untracked 
| 127|0x0000000089500000, 0x0000000089500000, 0x0000000089600000|  0%| F|  |TAMS 0x0000000089500000, 0x0000000089500000| Untracked 
| 128|0x0000000089600000, 0x0000000089600000, 0x0000000089700000|  0%| F|  |TAMS 0x0000000089600000, 0x0000000089600000| Untracked 
| 129|0x0000000089700000, 0x0000000089700000, 0x0000000089800000|  0%| F|  |TAMS 0x0000000089700000, 0x0000000089700000| Untracked 
| 130|0x0000000089800000, 0x0000000089800000, 0x0000000089900000|  0%| F|  |TAMS 0x0000000089800000, 0x0000000089800000| Untracked 
| 131|0x0000000089900000, 0x0000000089900000, 0x0000000089a00000|  0%| F|  |TAMS 0x0000000089900000, 0x0000000089900000| Untracked 
| 132|0x0000000089a00000, 0x0000000089a00000, 0x0000000089b00000|  0%| F|  |TAMS 0x0000000089a00000, 0x0000000089a00000| Untracked 
| 133|0x0000000089b00000, 0x0000000089b00000, 0x0000000089c00000|  0%| F|  |TAMS 0x0000000089b00000, 0x0000000089b00000| Untracked 
| 134|0x0000000089c00000, 0x0000000089c00000, 0x0000000089d00000|  0%| F|  |TAMS 0x0000000089c00000, 0x0000000089c00000| Untracked 
| 135|0x0000000089d00000, 0x0000000089d00000, 0x0000000089e00000|  0%| F|  |TAMS 0x0000000089d00000, 0x0000000089d00000| Untracked 
| 136|0x0000000089e00000, 0x0000000089e00000, 0x0000000089f00000|  0%| F|  |TAMS 0x0000000089e00000, 0x0000000089e00000| Untracked 
| 137|0x0000000089f00000, 0x0000000089f00000, 0x000000008a000000|  0%| F|  |TAMS 0x0000000089f00000, 0x0000000089f00000| Untracked 
| 138|0x000000008a000000, 0x000000008a000000, 0x000000008a100000|  0%| F|  |TAMS 0x000000008a000000, 0x000000008a000000| Untracked 
| 139|0x000000008a100000, 0x000000008a100000, 0x000000008a200000|  0%| F|  |TAMS 0x000000008a100000, 0x000000008a100000| Untracked 
| 140|0x000000008a200000, 0x000000008a200000, 0x000000008a300000|  0%| F|  |TAMS 0x000000008a200000, 0x000000008a200000| Untracked 
| 141|0x000000008a300000, 0x000000008a300000, 0x000000008a400000|  0%| F|  |TAMS 0x000000008a300000, 0x000000008a300000| Untracked 
| 142|0x000000008a400000, 0x000000008a400000, 0x000000008a500000|  0%| F|  |TAMS 0x000000008a400000, 0x000000008a400000| Untracked 
| 143|0x000000008a500000, 0x000000008a500000, 0x000000008a600000|  0%| F|  |TAMS 0x000000008a500000, 0x000000008a500000| Untracked 
| 144|0x000000008a600000, 0x000000008a600000, 0x000000008a700000|  0%| F|  |TAMS 0x000000008a600000, 0x000000008a600000| Untracked 
| 145|0x000000008a700000, 0x000000008a700000, 0x000000008a800000|  0%| F|  |TAMS 0x000000008a700000, 0x000000008a700000| Untracked 
| 146|0x000000008a800000, 0x000000008a800000, 0x000000008a900000|  0%| F|  |TAMS 0x000000008a800000, 0x000000008a800000| Untracked 
| 147|0x000000008a900000, 0x000000008a900000, 0x000000008aa00000|  0%| F|  |TAMS 0x000000008a900000, 0x000000008a900000| Untracked 
| 148|0x000000008aa00000, 0x000000008aa00000, 0x000000008ab00000|  0%| F|  |TAMS 0x000000008aa00000, 0x000000008aa00000| Untracked 
| 149|0x000000008ab00000, 0x000000008ab00000, 0x000000008ac00000|  0%| F|  |TAMS 0x000000008ab00000, 0x000000008ab00000| Untracked 
| 150|0x000000008ac00000, 0x000000008ac00000, 0x000000008ad00000|  0%| F|  |TAMS 0x000000008ac00000, 0x000000008ac00000| Untracked 
| 151|0x000000008ad00000, 0x000000008ad00000, 0x000000008ae00000|  0%| F|  |TAMS 0x000000008ad00000, 0x000000008ad00000| Untracked 
| 152|0x000000008ae00000, 0x000000008ae00000, 0x000000008af00000|  0%| F|  |TAMS 0x000000008ae00000, 0x000000008ae00000| Untracked 
| 153|0x000000008af00000, 0x000000008af00000, 0x000000008b000000|  0%| F|  |TAMS 0x000000008af00000, 0x000000008af00000| Untracked 
| 154|0x000000008b000000, 0x000000008b000000, 0x000000008b100000|  0%| F|  |TAMS 0x000000008b000000, 0x000000008b000000| Untracked 
| 155|0x000000008b100000, 0x000000008b100000, 0x000000008b200000|  0%| F|  |TAMS 0x000000008b100000, 0x000000008b100000| Untracked 

Card table byte_map: [0x00000299625b0000,0x00000299629b0000] _byte_map_base: 0x00000299621a5000

Marking Bits (Prev, Next): (CMBitMap*) 0x000002994d8de118, (CMBitMap*) 0x000002994d8de150
 Prev Bits: [0x0000029962db0000, 0x0000029964d58000)
 Next Bits: [0x0000029964d60000, 0x0000029966d08000)

Polling page: 0x000002994d670000

Metaspace:

Usage:
  Non-class:     67.35 MB capacity,    66.85 MB (>99%) used,   382.69 KB ( <1%) free+waste,   125.56 KB ( <1%) overhead. 
      Class:      8.96 MB capacity,     8.59 MB ( 96%) used,   324.02 KB (  4%) free+waste,    54.44 KB ( <1%) overhead. 
       Both:     76.31 MB capacity,    75.44 MB ( 99%) used,   706.70 KB ( <1%) free+waste,   180.00 KB ( <1%) overhead. 

Virtual space:
  Non-class space:       68.00 MB reserved,      67.50 MB (>99%) committed 
      Class space:        1.00 GB reserved,       9.03 MB ( <1%) committed 
             Both:        1.07 GB reserved,      76.53 MB (  7%) committed 

Chunk freelists:
   Non-Class:  27.00 KB
       Class:  9.00 KB
        Both:  36.00 KB

MaxMetaspaceSize: 17179869184.00 GB
CompressedClassSpaceSize: 1.00 GB
Initial GC threshold: 20.80 MB
Current GC threshold: 114.00 MB
CDS: off

CodeHeap 'non-profiled nmethods': size=120064Kb used=4295Kb max_used=4295Kb free=115768Kb
 bounds [0x000002995a650000, 0x000002995aa90000, 0x0000029961b90000]
CodeHeap 'profiled nmethods': size=120000Kb used=25994Kb max_used=25994Kb free=94005Kb
 bounds [0x0000029953120000, 0x0000029954a90000, 0x000002995a650000]
CodeHeap 'non-nmethods': size=5696Kb used=1382Kb max_used=1411Kb free=4313Kb
 bounds [0x0000029952b90000, 0x0000029952e00000, 0x0000029953120000]
 total_blobs=10078 nmethods=9400 adapters=587
 compilation: enabled
              stopped_count=0, restarted_count=0
 full_count=0

Compilation events (20 events):
Event: 8.249 Thread 0x0000029969d0a000 nmethod 9456 0x0000029954a76f90 code [0x0000029954a771c0, 0x0000029954a774a8]
Event: 8.249 Thread 0x0000029969d0a000 9434       3       org.jetbrains.kotlin.backend.jvm.lower.InheritedDefaultMethodsOnClassesLoweringKt$findInterfaceImplementation$1$1::invoke (9 bytes)
Event: 8.250 Thread 0x0000029969d0a000 nmethod 9434 0x0000029954a77610 code [0x0000029954a778a0, 0x0000029954a78358]
Event: 8.250 Thread 0x0000029969d0a000 9435       3       org.jetbrains.kotlin.backend.jvm.lower.InheritedDefaultMethodsOnClassesLoweringKt$findInterfaceImplementation$1$1::invoke (14 bytes)
Event: 8.250 Thread 0x0000029969d0a000 nmethod 9435 0x0000029954a78710 code [0x0000029954a78980, 0x0000029954a792d8]
Event: 8.250 Thread 0x0000029969d0a000 9452       3       org.jetbrains.org.objectweb.asm.commons.Method::hashCode (16 bytes)
Event: 8.251 Thread 0x0000029969d0a000 nmethod 9452 0x0000029954a79610 code [0x0000029954a797e0, 0x0000029954a79978]
Event: 8.251 Thread 0x0000029969d0a000 9447       3       org.jetbrains.kotlin.backend.common.ir.IrUtilsKt::isMethodOfAny (122 bytes)
Event: 8.252 Thread 0x0000029969d0a000 nmethod 9447 0x0000029954a79a90 code [0x0000029954a79f00, 0x0000029954a7bd48]
Event: 8.252 Thread 0x0000029969d0a000 9451       3       org.jetbrains.kotlin.codegen.signature.JvmSignatureWriter::writeParameterTypeEnd (57 bytes)
Event: 8.252 Thread 0x0000029969d0a000 nmethod 9451 0x0000029954a7c610 code [0x0000029954a7c840, 0x0000029954a7cff8]
Event: 8.252 Thread 0x0000029969d0a000 9453       3       org.jetbrains.kotlin.ir.types.IrTypeSystemContext$DefaultImpls::getPrimitiveArrayType (38 bytes)
Event: 8.253 Thread 0x0000029969d0a000 nmethod 9453 0x0000029954a7d210 code [0x0000029954a7d460, 0x0000029954a7dab8]
Event: 8.253 Thread 0x0000029969d0a000 9454       3       org.jetbrains.kotlin.backend.common.ir.IrUtilsKt::allOverridden$default (14 bytes)
Event: 8.253 Thread 0x0000029969d0a000 nmethod 9454 0x0000029954a7dd90 code [0x0000029954a7df40, 0x0000029954a7e088]
Event: 8.253 Thread 0x0000029969d0a000 9450       3       org.jetbrains.kotlin.types.AbstractTypeApproximator::typeDepth (18 bytes)
Event: 8.253 Thread 0x0000029969d0a000 nmethod 9450 0x0000029954a7e190 code [0x0000029954a7e3c0, 0x0000029954a7ea08]
Event: 8.253 Thread 0x0000029969d0a000 9458       3       org.jetbrains.kotlin.ir.util.IrTypeUtilsKt::isSuspendFunction (37 bytes)
Event: 8.254 Thread 0x0000029969d0a000 nmethod 9458 0x0000029954a7ec90 code [0x0000029954a7ef80, 0x0000029954a7fd98]
Event: 8.254 Thread 0x0000029969d0a000 9459       3       org.jetbrains.kotlin.types.AbstractTypeMapper::mapClassType (177 bytes)

GC Heap History (17 events):
Event: 0.461 GC heap before
{Heap before GC invocations=0 (full 0):
 garbage-first heap   total 131072K, used 17408K [0x0000000081600000, 0x0000000100000000)
  region size 1024K, 14 young (14336K), 0 survivors (0K)
 Metaspace       used 9753K, capacity 9842K, committed 10112K, reserved 1058816K
  class space    used 826K, capacity 853K, committed 896K, reserved 1048576K
}
Event: 0.464 GC heap after
{Heap after GC invocations=1 (full 0):
 garbage-first heap   total 131072K, used 5388K [0x0000000081600000, 0x0000000100000000)
  region size 1024K, 2 young (2048K), 2 survivors (2048K)
 Metaspace       used 9753K, capacity 9842K, committed 10112K, reserved 1058816K
  class space    used 826K, capacity 853K, committed 896K, reserved 1048576K
}
Event: 1.290 GC heap before
{Heap before GC invocations=1 (full 0):
 garbage-first heap   total 131072K, used 51468K [0x0000000081600000, 0x0000000100000000)
  region size 1024K, 48 young (49152K), 2 survivors (2048K)
 Metaspace       used 20952K, capacity 21203K, committed 21296K, reserved 1069056K
  class space    used 2225K, capacity 2305K, committed 2352K, reserved 1048576K
}
Event: 1.304 GC heap after
{Heap after GC invocations=2 (full 0):
 garbage-first heap   total 131072K, used 9891K [0x0000000081600000, 0x0000000100000000)
  region size 1024K, 7 young (7168K), 7 survivors (7168K)
 Metaspace       used 20952K, capacity 21203K, committed 21296K, reserved 1069056K
  class space    used 2225K, capacity 2305K, committed 2352K, reserved 1048576K
}
Event: 2.030 GC heap before
{Heap before GC invocations=3 (full 0):
 garbage-first heap   total 131072K, used 51875K [0x0000000081600000, 0x0000000100000000)
  region size 1024K, 45 young (46080K), 7 survivors (7168K)
 Metaspace       used 31402K, capacity 31826K, committed 31920K, reserved 1077248K
  class space    used 3788K, capacity 3995K, committed 4016K, reserved 1048576K
}
Event: 2.042 GC heap after
{Heap after GC invocations=4 (full 0):
 garbage-first heap   total 131072K, used 16465K [0x0000000081600000, 0x0000000100000000)
  region size 1024K, 4 young (4096K), 4 survivors (4096K)
 Metaspace       used 31402K, capacity 31826K, committed 31920K, reserved 1077248K
  class space    used 3788K, capacity 3995K, committed 4016K, reserved 1048576K
}
Event: 2.380 GC heap before
{Heap before GC invocations=4 (full 0):
 garbage-first heap   total 131072K, used 43089K [0x0000000081600000, 0x0000000100000000)
  region size 1024K, 29 young (29696K), 4 survivors (4096K)
 Metaspace       used 35396K, capacity 35868K, committed 35888K, reserved 1081344K
  class space    used 4434K, capacity 4637K, committed 4656K, reserved 1048576K
}
Event: 2.398 GC heap after
{Heap after GC invocations=5 (full 0):
 garbage-first heap   total 131072K, used 22385K [0x0000000081600000, 0x0000000100000000)
  region size 1024K, 8 young (8192K), 8 survivors (8192K)
 Metaspace       used 35396K, capacity 35868K, committed 35888K, reserved 1081344K
  class space    used 4434K, capacity 4637K, committed 4656K, reserved 1048576K
}
Event: 3.230 GC heap before
{Heap before GC invocations=6 (full 0):
 garbage-first heap   total 131072K, used 74609K [0x0000000081600000, 0x0000000100000000)
  region size 1024K, 59 young (60416K), 8 survivors (8192K)
 Metaspace       used 45726K, capacity 46266K, committed 46492K, reserved 1089536K
  class space    used 5493K, capacity 5708K, committed 5788K, reserved 1048576K
}
Event: 3.246 GC heap after
{Heap after GC invocations=7 (full 0):
 garbage-first heap   total 159744K, used 26129K [0x0000000081600000, 0x0000000100000000)
  region size 1024K, 6 young (6144K), 6 survivors (6144K)
 Metaspace       used 45726K, capacity 46266K, committed 46492K, reserved 1089536K
  class space    used 5493K, capacity 5708K, committed 5788K, reserved 1048576K
}
Event: 4.637 GC heap before
{Heap before GC invocations=7 (full 0):
 garbage-first heap   total 159744K, used 113169K [0x0000000081600000, 0x0000000100000000)
  region size 1024K, 88 young (90112K), 6 survivors (6144K)
 Metaspace       used 56878K, capacity 57603K, committed 57756K, reserved 1099776K
  class space    used 6708K, capacity 7008K, committed 7068K, reserved 1048576K
}
Event: 4.656 GC heap after
{Heap after GC invocations=8 (full 0):
 garbage-first heap   total 159744K, used 37578K [0x0000000081600000, 0x0000000100000000)
  region size 1024K, 11 young (11264K), 11 survivors (11264K)
 Metaspace       used 56878K, capacity 57603K, committed 57756K, reserved 1099776K
  class space    used 6708K, capacity 7008K, committed 7068K, reserved 1048576K
}
Event: 5.471 GC heap before
{Heap before GC invocations=8 (full 0):
 garbage-first heap   total 159744K, used 95946K [0x0000000081600000, 0x0000000100000000)
  region size 1024K, 69 young (70656K), 11 survivors (11264K)
 Metaspace       used 59557K, capacity 60244K, committed 60316K, reserved 1101824K
  class space    used 6966K, capacity 7272K, committed 7324K, reserved 1048576K
}
Event: 5.520 GC heap after
{Heap after GC invocations=9 (full 0):
 garbage-first heap   total 159744K, used 46080K [0x0000000081600000, 0x0000000100000000)
  region size 1024K, 8 young (8192K), 8 survivors (8192K)
 Metaspace       used 59557K, capacity 60244K, committed 60316K, reserved 1101824K
  class space    used 6966K, capacity 7272K, committed 7324K, reserved 1048576K
}
Event: 7.174 GC heap before
{Heap before GC invocations=10 (full 0):
 garbage-first heap   total 159744K, used 110592K [0x0000000081600000, 0x0000000100000000)
  region size 1024K, 71 young (72704K), 8 survivors (8192K)
 Metaspace       used 68420K, capacity 69283K, committed 69532K, reserved 1110016K
  class space    used 7863K, capacity 8225K, committed 8348K, reserved 1048576K
}
Event: 7.196 GC heap after
{Heap after GC invocations=11 (full 0):
 garbage-first heap   total 159744K, used 54784K [0x0000000081600000, 0x0000000100000000)
  region size 1024K, 9 young (9216K), 9 survivors (9216K)
 Metaspace       used 68420K, capacity 69283K, committed 69532K, reserved 1110016K
  class space    used 7863K, capacity 8225K, committed 8348K, reserved 1048576K
}
Event: 8.255 GC heap before
{Heap before GC invocations=12 (full 0):
 garbage-first heap   total 159744K, used 116224K [0x0000000081600000, 0x0000000100000000)
  region size 1024K, 69 young (70656K), 9 survivors (9216K)
 Metaspace       used 77253K, capacity 78140K, committed 78364K, reserved 1118208K
  class space    used 8796K, capacity 9175K, committed 9244K, reserved 1048576K
}

Deoptimization events (20 events):
Event: 7.893 Thread 0x000002994d89c800 Uncommon trap: trap_request=0xffffffc6 fr.pc=0x000002995aa225a0 relative=0x0000000000000560
Event: 7.893 Thread 0x000002994d89c800 Uncommon trap: reason=bimorphic_or_optimized_type_check action=maybe_recompile pc=0x000002995aa225a0 method=org.jetbrains.kotlin.descriptors.impl.FunctionDescriptorImpl.isOperator()Z @ 44 c2
Event: 7.893 Thread 0x000002994d89c800 DEOPT PACKING pc=0x000002995aa225a0 sp=0x000000d2385fd8a0
Event: 7.893 Thread 0x000002994d89c800 DEOPT UNPACKING pc=0x0000029952bda1af sp=0x000000d2385fd828 mode 2
Event: 7.893 Thread 0x000002994d89c800 Uncommon trap: trap_request=0xffffffc6 fr.pc=0x000002995aa2393c relative=0x0000000000000a7c
Event: 7.893 Thread 0x000002994d89c800 Uncommon trap: reason=bimorphic_or_optimized_type_check action=maybe_recompile pc=0x000002995aa2393c method=org.jetbrains.kotlin.descriptors.impl.FunctionDescriptorImpl.isInfix()Z @ 44 c2
Event: 7.893 Thread 0x000002994d89c800 DEOPT PACKING pc=0x000002995aa2393c sp=0x000000d2385fd860
Event: 7.893 Thread 0x000002994d89c800 DEOPT UNPACKING pc=0x0000029952bda1af sp=0x000000d2385fd828 mode 2
Event: 7.969 Thread 0x000002994d89c800 Uncommon trap: trap_request=0xffffffc6 fr.pc=0x000002995aa225a0 relative=0x0000000000000560
Event: 7.969 Thread 0x000002994d89c800 Uncommon trap: reason=bimorphic_or_optimized_type_check action=maybe_recompile pc=0x000002995aa225a0 method=org.jetbrains.kotlin.descriptors.impl.FunctionDescriptorImpl.isOperator()Z @ 44 c2
Event: 7.969 Thread 0x000002994d89c800 DEOPT PACKING pc=0x000002995aa225a0 sp=0x000000d2385fd7c0
Event: 7.969 Thread 0x000002994d89c800 DEOPT UNPACKING pc=0x0000029952bda1af sp=0x000000d2385fd748 mode 2
Event: 7.969 Thread 0x000002994d89c800 Uncommon trap: trap_request=0xffffffc6 fr.pc=0x000002995aa2393c relative=0x0000000000000a7c
Event: 7.969 Thread 0x000002994d89c800 Uncommon trap: reason=bimorphic_or_optimized_type_check action=maybe_recompile pc=0x000002995aa2393c method=org.jetbrains.kotlin.descriptors.impl.FunctionDescriptorImpl.isInfix()Z @ 44 c2
Event: 7.969 Thread 0x000002994d89c800 DEOPT PACKING pc=0x000002995aa2393c sp=0x000000d2385fd780
Event: 7.969 Thread 0x000002994d89c800 DEOPT UNPACKING pc=0x0000029952bda1af sp=0x000000d2385fd748 mode 2
Event: 8.244 Thread 0x000002994d89c800 Uncommon trap: trap_request=0xfffffff4 fr.pc=0x000002995aa72d80 relative=0x0000000000000780
Event: 8.244 Thread 0x000002994d89c800 Uncommon trap: reason=null_check action=make_not_entrant pc=0x000002995aa72d80 method=org.jetbrains.kotlin.types.TypeApproximator.approximateToSuperType(Lorg/jetbrains/kotlin/types/UnwrappedType;Lorg/jetbrains/kotlin/types/TypeApproximatorConfiguration;)L
Event: 8.244 Thread 0x000002994d89c800 DEOPT PACKING pc=0x000002995aa72d80 sp=0x000000d2385fd630
Event: 8.244 Thread 0x000002994d89c800 DEOPT UNPACKING pc=0x0000029952bda1af sp=0x000000d2385fd538 mode 2

Classes redefined (0 events):
No events

Internal exceptions (20 events):
Event: 5.728 Thread 0x000002994d89c800 Implicit null exception at 0x000002995a6ac35e to 0x000002995a6acaca
Event: 5.777 Thread 0x000002994d89c800 Exception <a 'java/lang/NoSuchMethodError'{0x000000008ab4a618}: 'java.lang.Object java.lang.invoke.Invokers$Holder.linkToTargetMethod(java.lang.Object, java.lang.Object, java.lang.Object, java.lang.Object, java.lang.Object, java.lang.Object, java.lang.Object)'> (0x000000008ab4a618) thrown at [./src/hotspot/share/interpreter/linkResolver.cpp, line 773]
Event: 5.835 Thread 0x000002994d89c800 Implicit null exception at 0x000002995a66d477 to 0x000002995a66d968
Event: 5.845 Thread 0x000002994d89c800 Exception <a 'java/lang/NoSuchMethodError'{0x000000008a9e6158}: 'java.lang.Object java.lang.invoke.DirectMethodHandle$Holder.invokeInterface(java.lang.Object, java.lang.Object, java.lang.Object)'> (0x000000008a9e6158) thrown at [./src/hotspot/share/interpreter/linkResolver.cpp, line 773]
Event: 5.845 Thread 0x000002994d89c800 Exception <a 'java/lang/IncompatibleClassChangeError'{0x000000008a9e9388}: Found class java.lang.Object, but interface was expected> (0x000000008a9e9388) thrown at [./src/hotspot/share/interpreter/linkResolver.cpp, line 839]
Event: 5.855 Thread 0x000002994d89c800 Implicit null exception at 0x000002995a66b374 to 0x000002995a66b8a0
Event: 6.073 Thread 0x000002994d89c800 Exception <a 'java/lang/NoSuchMethodError'{0x0000000089d69860}: 'int java.lang.invoke.DirectMethodHandle$Holder.invokeStaticInit(java.lang.Object, int)'> (0x0000000089d69860) thrown at [./src/hotspot/share/interpreter/linkResolver.cpp, line 773]
Event: 6.830 Thread 0x000002994d89c800 Implicit null exception at 0x000002995a6b3c75 to 0x000002995a6b3e3c
Event: 7.123 Thread 0x000002994d89c800 Exception <a 'java/lang/NoSuchMethodError'{0x0000000086eda8f0}: 'int java.lang.invoke.DirectMethodHandle$Holder.invokeStaticInit(java.lang.Object, java.lang.Object, java.lang.Object, java.lang.Object)'> (0x0000000086eda8f0) thrown at [./src/hotspot/share/interpreter/linkResolver.cpp, line 773]
Event: 7.170 Thread 0x000002994d89c800 Exception <a 'java/lang/NoSuchMethodError'{0x0000000086bc6a30}: 'java.lang.Object java.lang.invoke.DirectMethodHandle$Holder.invokeStatic(java.lang.Object, java.lang.Object, java.lang.Object, int, int, java.lang.Object, java.lang.Object, java.lang.Object)'> (0x0000000086bc6a30) thrown at [./src/hotspot/share/interpreter/linkResolver.cpp, line 773]
Event: 7.171 Thread 0x000002994d89c800 Exception <a 'java/lang/NoSuchMethodError'{0x0000000086bd0fe0}: 'java.lang.Object java.lang.invoke.DirectMethodHandle$Holder.invokeStatic(java.lang.Object, java.lang.Object, java.lang.Object, int, int)'> (0x0000000086bd0fe0) thrown at [./src/hotspot/share/interpreter/linkResolver.cpp, line 773]
Event: 7.171 Thread 0x000002994d89c800 Exception <a 'java/lang/NoSuchMethodError'{0x0000000086bd47c0}: 'java.lang.Object java.lang.invoke.DirectMethodHandle$Holder.invokeSpecial(java.lang.Object, java.lang.Object, java.lang.Object, java.lang.Object, int, int)'> (0x0000000086bd47c0) thrown at [./src/hotspot/share/interpreter/linkResolver.cpp, line 773]
Event: 7.171 Thread 0x000002994d89c800 Exception <a 'java/lang/NoSuchMethodError'{0x0000000086bd78c8}: 'java.lang.Object java.lang.invoke.Invokers$Holder.linkToTargetMethod(java.lang.Object, java.lang.Object, int, int, java.lang.Object)'> (0x0000000086bd78c8) thrown at [./src/hotspot/share/interpreter/linkResolver.cpp, line 773]
Event: 7.332 Thread 0x000002994d89c800 Exception <a 'java/lang/NoSuchMethodError'{0x000000008adeeb78}: 'java.lang.Object java.lang.invoke.DirectMethodHandle$Holder.invokeStatic(java.lang.Object, java.lang.Object, java.lang.Object, int, int, java.lang.Object, java.lang.Object)'> (0x000000008adeeb78) thrown at [./src/hotspot/share/interpreter/linkResolver.cpp, line 773]
Event: 7.332 Thread 0x000002994d89c800 Exception <a 'java/lang/NoSuchMethodError'{0x000000008adf2790}: 'java.lang.Object java.lang.invoke.DirectMethodHandle$Holder.invokeSpecial(java.lang.Object, java.lang.Object, java.lang.Object, java.lang.Object, int, int, java.lang.Object, java.lang.Object)'> (0x000000008adf2790) thrown at [./src/hotspot/share/interpreter/linkResolver.cpp, line 773]
Event: 7.332 Thread 0x000002994d89c800 Exception <a 'java/lang/NoSuchMethodError'{0x000000008adf5ba0}: 'java.lang.Object java.lang.invoke.Invokers$Holder.linkToTargetMethod(java.lang.Object, java.lang.Object, int, int, java.lang.Object, java.lang.Object, java.lang.Object)'> (0x000000008adf5ba0) thrown at [./src/hotspot/share/interpreter/linkResolver.cpp, line 773]
Event: 7.462 Thread 0x000002994d89c800 Exception <a 'java/lang/NoSuchMethodError'{0x000000008a566638}: 'java.lang.Object java.lang.invoke.DirectMethodHandle$Holder.invokeStatic(java.lang.Object, java.lang.Object, java.lang.Object, int, int, java.lang.Object, java.lang.Object, java.lang.Object, java.lang.Object)'> (0x000000008a566638) thrown at [./src/hotspot/share/interpreter/linkResolver.cpp, line 773]
Event: 7.463 Thread 0x000002994d89c800 Exception <a 'java/lang/NoSuchMethodError'{0x000000008a56e980}: 'java.lang.Object java.lang.invoke.Invokers$Holder.linkToTargetMethod(java.lang.Object, java.lang.Object, int, int, java.lang.Object, java.lang.Object, java.lang.Object, java.lang.Object, java.lang.Object)'> (0x000000008a56e980) thrown at [./src/hotspot/share/interpreter/linkResolver.cpp, line 773]
Event: 7.555 Thread 0x000002994d89c800 Implicit null exception at 0x000002995a6bf374 to 0x000002995a6bf58c
Event: 8.244 Thread 0x000002994d89c800 Implicit null exception at 0x000002995aa728df to 0x000002995aa72d74

Events (20 events):
Event: 8.169 loading class org/jetbrains/kotlin/backend/jvm/MultifileFacadesKt done
Event: 8.169 loading class org/jetbrains/kotlin/backend/common/lower/KotlinNothingValueExceptionLowering$Transformer
Event: 8.169 loading class org/jetbrains/kotlin/backend/common/lower/KotlinNothingValueExceptionLowering$Transformer done
Event: 8.170 loading class org/jetbrains/kotlin/backend/jvm/lower/MakePropertyDelegateMethodsStaticLowering
Event: 8.170 loading class org/jetbrains/kotlin/backend/jvm/lower/MakePropertyDelegateMethodsStaticLowering done
Event: 8.170 loading class org/jetbrains/kotlin/backend/jvm/lower/RenameFieldsLowering
Event: 8.170 loading class org/jetbrains/kotlin/backend/jvm/lower/RenameFieldsLowering done
Event: 8.171 loading class org/jetbrains/kotlin/backend/jvm/lower/FakeInliningLocalVariablesLowering
Event: 8.171 loading class org/jetbrains/kotlin/backend/jvm/lower/FakeInliningLocalVariablesLowering done
Event: 8.171 Executing VM operation: Deoptimize
Event: 8.172 Executing VM operation: Deoptimize done
Event: 8.178 loading class org/jetbrains/kotlin/ir/expressions/impl/IrConstImplKt
Event: 8.178 loading class org/jetbrains/kotlin/ir/expressions/impl/IrConstImplKt done
Event: 8.227 loading class org/jetbrains/kotlin/resolve/inline/InlineOnlyKt
Event: 8.227 loading class org/jetbrains/kotlin/resolve/inline/InlineOnlyKt done
Event: 8.227 loading class org/jetbrains/kotlin/backend/common/lower/DefaultParameterInjector$visitCall$1
Event: 8.227 loading class org/jetbrains/kotlin/backend/common/lower/DefaultParameterInjector$visitCall$1 done
Event: 8.237 loading class org/jetbrains/kotlin/backend/jvm/lower/AddContinuationLowering$addContinuationParameterToSuspendCalls$1$visitCall$1
Event: 8.237 loading class org/jetbrains/kotlin/backend/jvm/lower/AddContinuationLowering$addContinuationParameterToSuspendCalls$1$visitCall$1 done
Event: 8.255 Executing VM operation: G1CollectForAllocation


Dynamic libraries:
0x00007ff63d4c0000 - 0x00007ff63d4ca000 	E:\Program\AndroidStudio.2020.3.1\jre\bin\java.exe
0x00007ff9b61f0000 - 0x00007ff9b63de000 	C:\Windows\SYSTEM32\ntdll.dll
0x00007ff9b3cf0000 - 0x00007ff9b3da3000 	C:\Windows\System32\KERNEL32.DLL
0x00007ff9b3070000 - 0x00007ff9b330d000 	C:\Windows\System32\KERNELBASE.dll
0x00007ff9b2330000 - 0x00007ff9b242a000 	C:\Windows\System32\ucrtbase.dll
0x00007ff9abd70000 - 0x00007ff9abd89000 	E:\Program\AndroidStudio.2020.3.1\jre\bin\jli.dll
0x00007ff9abe60000 - 0x00007ff9abe77000 	E:\Program\AndroidStudio.2020.3.1\jre\bin\VCRUNTIME140.dll
0x00007ff9b3640000 - 0x00007ff9b37d8000 	C:\Windows\System32\USER32.dll
0x00007ff9b3050000 - 0x00007ff9b3070000 	C:\Windows\System32\win32u.dll
0x00007ff9a6e50000 - 0x00007ff9a70c9000 	C:\Windows\WinSxS\amd64_microsoft.windows.common-controls_6595b64144ccf1df_6.0.17763.3532_none_de70b8e0534bb89d\COMCTL32.dll
0x00007ff9b42c0000 - 0x00007ff9b42e9000 	C:\Windows\System32\GDI32.dll
0x00007ff9b42f0000 - 0x00007ff9b438e000 	C:\Windows\System32\msvcrt.dll
0x00007ff9b2e00000 - 0x00007ff9b2fa0000 	C:\Windows\System32\gdi32full.dll
0x00007ff9b37e0000 - 0x00007ff9b3b0b000 	C:\Windows\System32\combase.dll
0x00007ff9b3380000 - 0x00007ff9b3420000 	C:\Windows\System32\msvcp_win.dll
0x00007ff9b5c20000 - 0x00007ff9b5d3d000 	C:\Windows\System32\RPCRT4.dll
0x00007ff9b22a0000 - 0x00007ff9b2322000 	C:\Windows\System32\bcryptPrimitives.dll
0x00007ff9b3480000 - 0x00007ff9b34ae000 	C:\Windows\System32\IMM32.DLL
0x00007ff9a1380000 - 0x00007ff9a141d000 	E:\Program\AndroidStudio.2020.3.1\jre\bin\msvcp140.dll
0x00007ff985f90000 - 0x00007ff986a75000 	E:\Program\AndroidStudio.2020.3.1\jre\bin\server\jvm.dll
0x00007ff9b5a60000 - 0x00007ff9b5b07000 	C:\Windows\System32\ADVAPI32.dll
0x00007ff9b34b0000 - 0x00007ff9b354f000 	C:\Windows\System32\sechost.dll
0x00007ff9b3630000 - 0x00007ff9b3638000 	C:\Windows\System32\PSAPI.DLL
0x00007ff9ada90000 - 0x00007ff9ada99000 	C:\Windows\SYSTEM32\WSOCK32.dll
0x00007ff9b01d0000 - 0x00007ff9b01f4000 	C:\Windows\SYSTEM32\WINMM.dll
0x00007ff9ab650000 - 0x00007ff9ab65a000 	C:\Windows\SYSTEM32\VERSION.dll
0x00007ff9b4000000 - 0x00007ff9b406d000 	C:\Windows\System32\WS2_32.dll
0x00007ff9b01a0000 - 0x00007ff9b01cd000 	C:\Windows\SYSTEM32\WINMMBASE.dll
0x00007ff9b2b80000 - 0x00007ff9b2bca000 	C:\Windows\System32\cfgmgr32.dll
0x00007ff9b21b0000 - 0x00007ff9b21c1000 	C:\Windows\System32\kernel.appcore.dll
0x00007ff9ad850000 - 0x00007ff9ad861000 	E:\Program\AndroidStudio.2020.3.1\jre\bin\verify.dll
0x00007ff99fea0000 - 0x00007ff9a008d000 	C:\Windows\SYSTEM32\DBGHELP.DLL
0x00007ff99fde0000 - 0x00007ff99fe0a000 	C:\Windows\SYSTEM32\dbgcore.DLL
0x00007ff99c850000 - 0x00007ff99c879000 	E:\Program\AndroidStudio.2020.3.1\jre\bin\java.dll
0x00007ff9abde0000 - 0x00007ff9abdeb000 	E:\Program\AndroidStudio.2020.3.1\jre\bin\jimage.dll
0x00007ff99e850000 - 0x00007ff99e868000 	E:\Program\AndroidStudio.2020.3.1\jre\bin\zip.dll
0x00007ff9b43f0000 - 0x00007ff9b58e6000 	C:\Windows\System32\SHELL32.dll
0x00007ff9b3b10000 - 0x00007ff9b3bb7000 	C:\Windows\System32\shcore.dll
0x00007ff9b2430000 - 0x00007ff9b2b79000 	C:\Windows\System32\windows.storage.dll
0x00007ff9b21d0000 - 0x00007ff9b21f3000 	C:\Windows\System32\profapi.dll
0x00007ff9b2200000 - 0x00007ff9b225d000 	C:\Windows\System32\powrprof.dll
0x00007ff9b4390000 - 0x00007ff9b43e2000 	C:\Windows\System32\shlwapi.dll
0x00007ff9b2280000 - 0x00007ff9b2297000 	C:\Windows\System32\cryptsp.dll
0x00007ff99c830000 - 0x00007ff99c84a000 	E:\Program\AndroidStudio.2020.3.1\jre\bin\net.dll
0x00007ff9a7bf0000 - 0x00007ff9a7cef000 	C:\Windows\SYSTEM32\WINHTTP.dll
0x00007ff9b1a00000 - 0x00007ff9b1a67000 	C:\Windows\system32\mswsock.dll
0x00007ff99c810000 - 0x00007ff99c824000 	E:\Program\AndroidStudio.2020.3.1\jre\bin\nio.dll

dbghelp: loaded successfully - version: 4.0.5 - missing functions: none
symbol engine: initialized successfully - sym options: 0x614 - pdb path: .;E:\Program\AndroidStudio.2020.3.1\jre\bin;C:\Windows\SYSTEM32;C:\Windows\WinSxS\amd64_microsoft.windows.common-controls_6595b64144ccf1df_6.0.17763.3532_none_de70b8e0534bb89d;E:\Program\AndroidStudio.2020.3.1\jre\bin\server

VM Arguments:
java_command: org.jetbrains.kotlin.cli.jvm.K2JVMCompiler @E:\University\Programming\Android\MyProjects\RainbowSmile\app\build\20221025_6987336241763617977.compiler.options
java_class_path (initial): C:\Users\backtoroots\.gradle\caches\modules-2\files-2.1\org.jetbrains.kotlin\kotlin-compiler-embeddable\1.7.10\909803167c98606fcf22b4c848647c68e351d48d\kotlin-compiler-embeddable-1.7.10.jar;C:\Users\backtoroots\.gradle\caches\modules-2\files-2.1\org.jetbrains.kotlin\kotlin-reflect\1.7.10\165e600dfea6185cf5efa700756294cc4904dbeb\kotlin-reflect-1.7.10.jar;C:\Users\backtoroots\.gradle\caches\modules-2\files-2.1\org.jetbrains.kotlin\kotlin-stdlib\1.7.10\d2abf9e77736acc4450dc4a3f707fa2c10f5099d\kotlin-stdlib-1.7.10.jar;C:\Users\backtoroots\.gradle\caches\modules-2\files-2.1\org.jetbrains.kotlin\kotlin-script-runtime\1.7.10\c99c87a6988d8fd8d5142e9ed5c9f34a7cf561ee\kotlin-script-runtime-1.7.10.jar;C:\Users\backtoroots\.gradle\caches\modules-2\files-2.1\org.jetbrains.kotlin\kotlin-daemon-embeddable\1.7.10\3a9f7aef7080d3ae63126cbba4f827ed664f32fa\kotlin-daemon-embeddable-1.7.10.jar;C:\Users\backtoroots\.gradle\caches\modules-2\files-2.1\org.jetbrains.intellij.deps\trove4j\1.0.20200330\3afb14d5f9ceb459d724e907a21145e8ff394f02\trove4j-1.0.20200330.jar;C:\Users\backtoroots\.gradle\caches\modules-2\files-2.1\net.java.dev.jna\jna\5.6.0\330f2244e9030119ab3030fc3fededc86713d9cc\jna-5.6.0.jar;C:\Users\backtoroots\.gradle\caches\modules-2\files-2.1\org.jetbrains.kotlin\kotlin-stdlib-common\1.7.10\bac80c520d0a9e3f3673bc2658c6ed02ef45a76a\kotlin-stdlib-common-1.7.10.jar;C:\Users\backtoroots\.gradle\caches\modules-2\files-2.1\org.jetbrains\annotations\13.0\919f0dfe192fb4e063e7dacadee7f8bb9a2672a9\annotations-13.0.jar
Launcher Type: SUN_STANDARD

[Global flags]
     intx CICompilerCount                          = 3                                         {product} {ergonomic}
     uint ConcGCThreads                            = 1                                         {product} {ergonomic}
     uint G1ConcRefinementThreads                  = 4                                         {product} {ergonomic}
   size_t G1HeapRegionSize                         = 1048576                                   {product} {ergonomic}
    uintx GCDrainStackTargetSize                   = 64                                        {product} {ergonomic}
   size_t InitialHeapSize                          = 134217728                                 {product} {ergonomic}
   size_t MarkStackSize                            = 4194304                                   {product} {ergonomic}
   size_t MaxHeapSize                              = 2124414976                                {product} {ergonomic}
   size_t MaxNewSize                               = 1274019840                                {product} {ergonomic}
   size_t MinHeapDeltaBytes                        = 1048576                                   {product} {ergonomic}
    uintx NonNMethodCodeHeapSize                   = 5830732                                {pd product} {ergonomic}
    uintx NonProfiledCodeHeapSize                  = 122913754                              {pd product} {ergonomic}
    uintx ProfiledCodeHeapSize                     = 122913754                              {pd product} {ergonomic}
    uintx ReservedCodeCacheSize                    = 251658240                              {pd product} {ergonomic}
     bool SegmentedCodeCache                       = true                                      {product} {ergonomic}
     bool UseCompressedClassPointers               = true                                 {lp64_product} {ergonomic}
     bool UseCompressedOops                        = true                                 {lp64_product} {ergonomic}
     bool UseG1GC                                  = true                                      {product} {ergonomic}
     bool UseLargePagesIndividualAllocation        = false                                  {pd product} {ergonomic}

Logging:
Log output configuration:
 #0: stdout all=warning uptime,level,tags
 #1: stderr all=off uptime,level,tags

Environment Variables:
JAVA_HOME=E:\Program\Java\jdk-16.0.2
PATH=C:\Program Files\Common Files\Oracle\Java\javapath;C:\Windows\system32;C:\Windows;C:\Windows\System32\Wbem;C:\Windows\System32\WindowsPowerShell\v1.0\;C:\Windows\System32\OpenSSH\;E:\Program\Ruby26\bin;E:\Program\Python;E:\Program\Python\Scripts;E:\Program\Python2.7.15;E:\Program\Python2.7.15\Scripts;E:\Program\Php;E:\Program\Java\jdk-16.0.2\bin;E:\Program\gradle-6.3-rc-4\bin;E:\Program\apache-maven-3.6.3\bin;E:\Program\Git\cmd;E:\Program\AndroidSdk\platform-tools;D:\Downloads_short\nmap-7.92-win32\nmap-7.92;C:\Users\backtoroots\AppData\Local\Microsoft\WindowsApps;
USERNAME=backtoroots
OS=Windows_NT
PROCESSOR_IDENTIFIER=Intel64 Family 6 Model 94 Stepping 3, GenuineIntel



---------------  S Y S T E M  ---------------

OS: Windows 10 , 64 bit Build 17763 (10.0.17763.3287)
OS uptime: 0 days 13:37 hours

CPU:total 4 (initial active 4) (4 cores per cpu, 1 threads per core) family 6 model 94 stepping 3 microcode 0xd6, cmov, cx8, fxsr, mmx, sse, sse2, sse3, ssse3, sse4.1, sse4.2, popcnt, avx, avx2, aes, clmul, erms, rtm, 3dnowpref, lzcnt, tsc, tscinvbit, bmi1, bmi2, adx, fma

Memory: 4k page, system-wide physical 8103M (504M free)
TotalPageFile size 10151M (AvailPageFile size 26M)
current process WorkingSet (physical memory assigned to process): 359M, peak: 359M
current process commit charge ("private bytes"): 393M, peak: 449M

vm_info: OpenJDK 64-Bit Server VM (11.0.12+7-b1504.28-7817840) for windows-amd64 JRE (11.0.12+7-b1504.28-7817840), built on Oct 13 2021 22:12:33 by "builder" with MS VC++ 14.0 (VS2015)

END.
